2022-03-01 14:38:26.810 [background-preinit] INFO  org.hibernate.validator.internal.util.Version - HV000001: Hibernate Validator 6.2.0.Final
2022-03-01 14:38:26.810 [main] INFO  com.yeliheng.blogweb.BlogWebApplication - Starting BlogWebApplication using Java 1.8.0_181 on Yeliheng-Studio with PID 22136 (D:\yeliheng-blog\blog-web\target\classes started by Yeliheng-Studio in D:\yeliheng-blog)
2022-03-01 14:38:26.811 [main] INFO  com.yeliheng.blogweb.BlogWebApplication - The following profiles are active: dev
2022-03-01 14:38:27.966 [main] INFO  org.apache.coyote.http11.Http11NioProtocol - Initializing ProtocolHandler ["http-nio-8080"]
2022-03-01 14:38:27.967 [main] INFO  org.apache.catalina.core.StandardService - Starting service [Tomcat]
2022-03-01 14:38:27.967 [main] INFO  org.apache.catalina.core.StandardEngine - Starting Servlet engine: [Apache Tomcat/9.0.55]
2022-03-01 14:38:28.035 [main] INFO  o.a.c.core.ContainerBase.[Tomcat].[localhost].[/] - Initializing Spring embedded WebApplicationContext
2022-03-01 14:38:28.295 [main] INFO  c.a.d.s.b.a.DruidDataSourceAutoConfigure - Init DruidDataSource
2022-03-01 14:38:28.360 [main] INFO  com.alibaba.druid.pool.DruidDataSource - {dataSource-1} inited
2022-03-01 14:38:29.684 [main] INFO  org.apache.coyote.http11.Http11NioProtocol - Starting ProtocolHandler ["http-nio-8080"]
2022-03-01 14:38:30.036 [main] INFO  com.yeliheng.blogweb.BlogWebApplication - Started BlogWebApplication in 3.533 seconds (JVM running for 4.386)
2022-03-01 15:02:58.004 [main] INFO  com.yeliheng.blogweb.BlogWebApplication - Starting BlogWebApplication using Java 1.8.0_181 on Yeliheng-Studio with PID 2240 (D:\yeliheng-blog\blog-web\target\classes started by Yeliheng-Studio in D:\yeliheng-blog)
2022-03-01 15:02:58.004 [background-preinit] INFO  org.hibernate.validator.internal.util.Version - HV000001: Hibernate Validator 6.2.0.Final
2022-03-01 15:02:58.005 [main] INFO  com.yeliheng.blogweb.BlogWebApplication - The following profiles are active: dev
2022-03-01 15:02:59.047 [main] INFO  org.apache.coyote.http11.Http11NioProtocol - Initializing ProtocolHandler ["http-nio-8080"]
2022-03-01 15:02:59.047 [main] INFO  org.apache.catalina.core.StandardService - Starting service [Tomcat]
2022-03-01 15:02:59.047 [main] INFO  org.apache.catalina.core.StandardEngine - Starting Servlet engine: [Apache Tomcat/9.0.55]
2022-03-01 15:02:59.115 [main] INFO  o.a.c.core.ContainerBase.[Tomcat].[localhost].[/] - Initializing Spring embedded WebApplicationContext
2022-03-01 15:02:59.345 [main] INFO  c.a.d.s.b.a.DruidDataSourceAutoConfigure - Init DruidDataSource
2022-03-01 15:02:59.397 [main] INFO  com.alibaba.druid.pool.DruidDataSource - {dataSource-1} inited
2022-03-01 15:03:03.812 [main] INFO  org.apache.coyote.http11.Http11NioProtocol - Starting ProtocolHandler ["http-nio-8080"]
2022-03-01 15:03:04.176 [main] INFO  com.yeliheng.blogweb.BlogWebApplication - Started BlogWebApplication in 6.425 seconds (JVM running for 7.227)
2022-03-01 15:03:22.001 [http-nio-8080-exec-1] INFO  o.a.c.core.ContainerBase.[Tomcat].[localhost].[/] - Initializing Spring DispatcherServlet 'dispatcherServlet'
2022-03-01 15:06:54.427 [background-preinit] INFO  org.hibernate.validator.internal.util.Version - HV000001: Hibernate Validator 6.2.0.Final
2022-03-01 15:06:54.428 [main] INFO  com.yeliheng.blogweb.BlogWebApplication - Starting BlogWebApplication using Java 1.8.0_181 on Yeliheng-Studio with PID 15268 (D:\yeliheng-blog\blog-web\target\classes started by Yeliheng-Studio in D:\yeliheng-blog)
2022-03-01 15:06:54.429 [main] INFO  com.yeliheng.blogweb.BlogWebApplication - The following profiles are active: dev
2022-03-01 15:06:55.476 [main] INFO  org.apache.coyote.http11.Http11NioProtocol - Initializing ProtocolHandler ["http-nio-8080"]
2022-03-01 15:06:55.476 [main] INFO  org.apache.catalina.core.StandardService - Starting service [Tomcat]
2022-03-01 15:06:55.476 [main] INFO  org.apache.catalina.core.StandardEngine - Starting Servlet engine: [Apache Tomcat/9.0.55]
2022-03-01 15:06:55.543 [main] INFO  o.a.c.core.ContainerBase.[Tomcat].[localhost].[/] - Initializing Spring embedded WebApplicationContext
2022-03-01 15:06:55.770 [main] INFO  c.a.d.s.b.a.DruidDataSourceAutoConfigure - Init DruidDataSource
2022-03-01 15:06:55.823 [main] INFO  com.alibaba.druid.pool.DruidDataSource - {dataSource-1} inited
2022-03-01 15:06:57.167 [main] INFO  org.apache.coyote.http11.Http11NioProtocol - Starting ProtocolHandler ["http-nio-8080"]
2022-03-01 15:06:57.522 [main] INFO  com.yeliheng.blogweb.BlogWebApplication - Started BlogWebApplication in 3.343 seconds (JVM running for 4.148)
2022-03-01 15:06:59.828 [http-nio-8080-exec-1] INFO  o.a.c.core.ContainerBase.[Tomcat].[localhost].[/] - Initializing Spring DispatcherServlet 'dispatcherServlet'
2022-03-01 15:13:05.054 [SpringApplicationShutdownHook] INFO  com.alibaba.druid.pool.DruidDataSource - {dataSource-1} closing ...
2022-03-01 15:13:05.058 [SpringApplicationShutdownHook] INFO  com.alibaba.druid.pool.DruidDataSource - {dataSource-1} closed
2022-03-01 15:13:08.069 [main] INFO  com.yeliheng.blogweb.BlogWebApplication - Starting BlogWebApplication using Java 1.8.0_181 on Yeliheng-Studio with PID 24460 (D:\yeliheng-blog\blog-web\target\classes started by Yeliheng-Studio in D:\yeliheng-blog)
2022-03-01 15:13:08.069 [background-preinit] INFO  org.hibernate.validator.internal.util.Version - HV000001: Hibernate Validator 6.2.0.Final
2022-03-01 15:13:08.071 [main] INFO  com.yeliheng.blogweb.BlogWebApplication - The following profiles are active: dev
2022-03-01 15:13:09.106 [main] INFO  org.apache.coyote.http11.Http11NioProtocol - Initializing ProtocolHandler ["http-nio-8080"]
2022-03-01 15:13:09.107 [main] INFO  org.apache.catalina.core.StandardService - Starting service [Tomcat]
2022-03-01 15:13:09.107 [main] INFO  org.apache.catalina.core.StandardEngine - Starting Servlet engine: [Apache Tomcat/9.0.55]
2022-03-01 15:13:09.173 [main] INFO  o.a.c.core.ContainerBase.[Tomcat].[localhost].[/] - Initializing Spring embedded WebApplicationContext
2022-03-01 15:13:09.397 [main] INFO  c.a.d.s.b.a.DruidDataSourceAutoConfigure - Init DruidDataSource
2022-03-01 15:13:09.447 [main] INFO  com.alibaba.druid.pool.DruidDataSource - {dataSource-1} inited
2022-03-01 15:13:10.799 [main] INFO  org.apache.coyote.http11.Http11NioProtocol - Starting ProtocolHandler ["http-nio-8080"]
2022-03-01 15:13:11.146 [main] INFO  com.yeliheng.blogweb.BlogWebApplication - Started BlogWebApplication in 3.326 seconds (JVM running for 4.128)
2022-03-01 15:13:12.983 [http-nio-8080-exec-1] INFO  o.a.c.core.ContainerBase.[Tomcat].[localhost].[/] - Initializing Spring DispatcherServlet 'dispatcherServlet'
2022-03-01 15:24:22.324 [SpringApplicationShutdownHook] INFO  com.alibaba.druid.pool.DruidDataSource - {dataSource-1} closing ...
2022-03-01 15:24:22.328 [SpringApplicationShutdownHook] INFO  com.alibaba.druid.pool.DruidDataSource - {dataSource-1} closed
2022-03-01 15:24:25.661 [background-preinit] INFO  org.hibernate.validator.internal.util.Version - HV000001: Hibernate Validator 6.2.0.Final
2022-03-01 15:24:25.661 [main] INFO  com.yeliheng.blogweb.BlogWebApplication - Starting BlogWebApplication using Java 1.8.0_181 on Yeliheng-Studio with PID 6680 (D:\yeliheng-blog\blog-web\target\classes started by Yeliheng-Studio in D:\yeliheng-blog)
2022-03-01 15:24:25.663 [main] INFO  com.yeliheng.blogweb.BlogWebApplication - The following profiles are active: dev
2022-03-01 15:24:26.700 [main] INFO  org.apache.coyote.http11.Http11NioProtocol - Initializing ProtocolHandler ["http-nio-8080"]
2022-03-01 15:24:26.701 [main] INFO  org.apache.catalina.core.StandardService - Starting service [Tomcat]
2022-03-01 15:24:26.701 [main] INFO  org.apache.catalina.core.StandardEngine - Starting Servlet engine: [Apache Tomcat/9.0.55]
2022-03-01 15:24:26.768 [main] INFO  o.a.c.core.ContainerBase.[Tomcat].[localhost].[/] - Initializing Spring embedded WebApplicationContext
2022-03-01 15:24:26.999 [main] INFO  c.a.d.s.b.a.DruidDataSourceAutoConfigure - Init DruidDataSource
2022-03-01 15:24:27.050 [main] INFO  com.alibaba.druid.pool.DruidDataSource - {dataSource-1} inited
2022-03-01 15:24:28.388 [main] INFO  org.apache.coyote.http11.Http11NioProtocol - Starting ProtocolHandler ["http-nio-8080"]
2022-03-01 15:24:28.758 [main] INFO  com.yeliheng.blogweb.BlogWebApplication - Started BlogWebApplication in 3.386 seconds (JVM running for 4.224)
2022-03-01 15:24:30.786 [http-nio-8080-exec-1] INFO  o.a.c.core.ContainerBase.[Tomcat].[localhost].[/] - Initializing Spring DispatcherServlet 'dispatcherServlet'
2022-03-01 15:28:37.552 [SpringApplicationShutdownHook] INFO  com.alibaba.druid.pool.DruidDataSource - {dataSource-1} closing ...
2022-03-01 15:28:37.556 [SpringApplicationShutdownHook] INFO  com.alibaba.druid.pool.DruidDataSource - {dataSource-1} closed
2022-03-01 15:28:40.500 [background-preinit] INFO  org.hibernate.validator.internal.util.Version - HV000001: Hibernate Validator 6.2.0.Final
2022-03-01 15:28:40.501 [main] INFO  com.yeliheng.blogweb.BlogWebApplication - Starting BlogWebApplication using Java 1.8.0_181 on Yeliheng-Studio with PID 17608 (D:\yeliheng-blog\blog-web\target\classes started by Yeliheng-Studio in D:\yeliheng-blog)
2022-03-01 15:28:40.502 [main] INFO  com.yeliheng.blogweb.BlogWebApplication - The following profiles are active: dev
2022-03-01 15:28:41.543 [main] INFO  org.apache.coyote.http11.Http11NioProtocol - Initializing ProtocolHandler ["http-nio-8080"]
2022-03-01 15:28:41.544 [main] INFO  org.apache.catalina.core.StandardService - Starting service [Tomcat]
2022-03-01 15:28:41.544 [main] INFO  org.apache.catalina.core.StandardEngine - Starting Servlet engine: [Apache Tomcat/9.0.55]
2022-03-01 15:28:41.610 [main] INFO  o.a.c.core.ContainerBase.[Tomcat].[localhost].[/] - Initializing Spring embedded WebApplicationContext
2022-03-01 15:28:41.837 [main] INFO  c.a.d.s.b.a.DruidDataSourceAutoConfigure - Init DruidDataSource
2022-03-01 15:28:41.887 [main] INFO  com.alibaba.druid.pool.DruidDataSource - {dataSource-1} inited
2022-03-01 15:28:43.245 [main] INFO  org.apache.coyote.http11.Http11NioProtocol - Starting ProtocolHandler ["http-nio-8080"]
2022-03-01 15:28:43.595 [main] INFO  com.yeliheng.blogweb.BlogWebApplication - Started BlogWebApplication in 3.351 seconds (JVM running for 4.181)
2022-03-01 15:28:52.004 [http-nio-8080-exec-1] INFO  o.a.c.core.ContainerBase.[Tomcat].[localhost].[/] - Initializing Spring DispatcherServlet 'dispatcherServlet'
2022-03-01 15:31:02.331 [background-preinit] INFO  org.hibernate.validator.internal.util.Version - HV000001: Hibernate Validator 6.2.0.Final
2022-03-01 15:31:02.331 [main] INFO  com.yeliheng.blogweb.BlogWebApplication - Starting BlogWebApplication using Java 1.8.0_181 on Yeliheng-Studio with PID 9172 (D:\yeliheng-blog\blog-web\target\classes started by Yeliheng-Studio in D:\yeliheng-blog)
2022-03-01 15:31:02.332 [main] INFO  com.yeliheng.blogweb.BlogWebApplication - The following profiles are active: dev
2022-03-01 15:31:03.424 [main] INFO  org.apache.coyote.http11.Http11NioProtocol - Initializing ProtocolHandler ["http-nio-8080"]
2022-03-01 15:31:03.425 [main] INFO  org.apache.catalina.core.StandardService - Starting service [Tomcat]
2022-03-01 15:31:03.425 [main] INFO  org.apache.catalina.core.StandardEngine - Starting Servlet engine: [Apache Tomcat/9.0.55]
2022-03-01 15:31:03.492 [main] INFO  o.a.c.core.ContainerBase.[Tomcat].[localhost].[/] - Initializing Spring embedded WebApplicationContext
2022-03-01 15:31:03.724 [main] INFO  c.a.d.s.b.a.DruidDataSourceAutoConfigure - Init DruidDataSource
2022-03-01 15:31:03.774 [main] INFO  com.alibaba.druid.pool.DruidDataSource - {dataSource-1} inited
2022-03-01 15:31:05.010 [main] INFO  org.apache.coyote.http11.Http11NioProtocol - Starting ProtocolHandler ["http-nio-8080"]
2022-03-01 15:31:05.286 [main] INFO  com.yeliheng.blogweb.BlogWebApplication - Started BlogWebApplication in 3.213 seconds (JVM running for 4.032)
2022-03-01 15:31:14.381 [http-nio-8080-exec-1] INFO  o.a.c.core.ContainerBase.[Tomcat].[localhost].[/] - Initializing Spring DispatcherServlet 'dispatcherServlet'
2022-03-01 15:31:31.643 [SpringApplicationShutdownHook] INFO  com.alibaba.druid.pool.DruidDataSource - {dataSource-1} closing ...
2022-03-01 15:31:31.647 [SpringApplicationShutdownHook] INFO  com.alibaba.druid.pool.DruidDataSource - {dataSource-1} closed
2022-03-01 15:31:34.733 [main] INFO  com.yeliheng.blogweb.BlogWebApplication - Starting BlogWebApplication using Java 1.8.0_181 on Yeliheng-Studio with PID 7676 (D:\yeliheng-blog\blog-web\target\classes started by Yeliheng-Studio in D:\yeliheng-blog)
2022-03-01 15:31:34.734 [background-preinit] INFO  org.hibernate.validator.internal.util.Version - HV000001: Hibernate Validator 6.2.0.Final
2022-03-01 15:31:34.735 [main] INFO  com.yeliheng.blogweb.BlogWebApplication - The following profiles are active: dev
2022-03-01 15:31:35.779 [main] INFO  org.apache.coyote.http11.Http11NioProtocol - Initializing ProtocolHandler ["http-nio-8080"]
2022-03-01 15:31:35.780 [main] INFO  org.apache.catalina.core.StandardService - Starting service [Tomcat]
2022-03-01 15:31:35.780 [main] INFO  org.apache.catalina.core.StandardEngine - Starting Servlet engine: [Apache Tomcat/9.0.55]
2022-03-01 15:31:35.845 [main] INFO  o.a.c.core.ContainerBase.[Tomcat].[localhost].[/] - Initializing Spring embedded WebApplicationContext
2022-03-01 15:31:36.074 [main] INFO  c.a.d.s.b.a.DruidDataSourceAutoConfigure - Init DruidDataSource
2022-03-01 15:31:36.124 [main] INFO  com.alibaba.druid.pool.DruidDataSource - {dataSource-1} inited
2022-03-01 15:31:37.343 [main] INFO  org.apache.coyote.http11.Http11NioProtocol - Starting ProtocolHandler ["http-nio-8080"]
2022-03-01 15:31:37.701 [main] INFO  com.yeliheng.blogweb.BlogWebApplication - Started BlogWebApplication in 3.221 seconds (JVM running for 4.042)
2022-03-01 15:31:41.645 [http-nio-8080-exec-1] INFO  o.a.c.core.ContainerBase.[Tomcat].[localhost].[/] - Initializing Spring DispatcherServlet 'dispatcherServlet'
2022-03-01 15:31:59.384 [SpringApplicationShutdownHook] INFO  com.alibaba.druid.pool.DruidDataSource - {dataSource-1} closing ...
2022-03-01 15:31:59.387 [SpringApplicationShutdownHook] INFO  com.alibaba.druid.pool.DruidDataSource - {dataSource-1} closed
2022-03-01 15:32:02.463 [main] INFO  com.yeliheng.blogweb.BlogWebApplication - Starting BlogWebApplication using Java 1.8.0_181 on Yeliheng-Studio with PID 22616 (D:\yeliheng-blog\blog-web\target\classes started by Yeliheng-Studio in D:\yeliheng-blog)
2022-03-01 15:32:02.463 [background-preinit] INFO  org.hibernate.validator.internal.util.Version - HV000001: Hibernate Validator 6.2.0.Final
2022-03-01 15:32:02.464 [main] INFO  com.yeliheng.blogweb.BlogWebApplication - The following profiles are active: dev
2022-03-01 15:32:03.489 [main] INFO  org.apache.coyote.http11.Http11NioProtocol - Initializing ProtocolHandler ["http-nio-8080"]
2022-03-01 15:32:03.489 [main] INFO  org.apache.catalina.core.StandardService - Starting service [Tomcat]
2022-03-01 15:32:03.490 [main] INFO  org.apache.catalina.core.StandardEngine - Starting Servlet engine: [Apache Tomcat/9.0.55]
2022-03-01 15:32:03.555 [main] INFO  o.a.c.core.ContainerBase.[Tomcat].[localhost].[/] - Initializing Spring embedded WebApplicationContext
2022-03-01 15:32:03.782 [main] INFO  c.a.d.s.b.a.DruidDataSourceAutoConfigure - Init DruidDataSource
2022-03-01 15:32:03.835 [main] INFO  com.alibaba.druid.pool.DruidDataSource - {dataSource-1} inited
2022-03-01 15:32:05.029 [main] INFO  org.apache.coyote.http11.Http11NioProtocol - Starting ProtocolHandler ["http-nio-8080"]
2022-03-01 15:32:05.399 [main] INFO  com.yeliheng.blogweb.BlogWebApplication - Started BlogWebApplication in 3.183 seconds (JVM running for 3.998)
2022-03-01 15:32:06.473 [http-nio-8080-exec-1] INFO  o.a.c.core.ContainerBase.[Tomcat].[localhost].[/] - Initializing Spring DispatcherServlet 'dispatcherServlet'
2022-03-01 15:33:47.343 [SpringApplicationShutdownHook] INFO  com.alibaba.druid.pool.DruidDataSource - {dataSource-1} closing ...
2022-03-01 15:33:47.346 [SpringApplicationShutdownHook] INFO  com.alibaba.druid.pool.DruidDataSource - {dataSource-1} closed
